This file contains any messages produced by compilers while
running configure, to aid debugging if configure makes a mistake.

It was created by libsecp256k1 configure 0.1, which was
generated by GNU Autoconf 2.68.  Invocation command line was

  $ ./configure --disable-option-checking --prefix=/usr/local --disable-upnp-default --disable-tests --with-qt-incdir=/c/Qt/5.3.2/include --with-qt-libdir=/c/Qt/5.3.2/lib --with-qt-plugindir=/c/Qt/5.3.2/plugins --with-qt-bindir=/c/Qt/5.3.2/bin --with-boost-system=mgw49-mt-s-1_58 --with-boost-filesystem=mgw49-mt-s-1_58 --with-boost-program-options=mgw49-mt-s-1_58 --with-boost-thread=mgw49-mt-s-1_58 --with-boost-chrono=mgw49-mt-s-1_58 --with-protoc-bindir=/F/Coin/BaseLibs/protobuf-2.6.1/src LDFLAGS=-L/F/Coin/BaseLibs/db-4.8.30.NC/build_unix -L/F/Coin/BaseLibs/boost_1_58_0/stage/lib -L/F/Coin/BaseLibs/openssl-1.0.2c -L/F/Coin/BaseLibs/miniupnpc-1.9 -L/F/Coin/BaseLibs/protobuf-2.6.1/src/.libs -L/F/Coin/BaseLibs/libpng-1.6.16/.libs -L/F/Coin/BaseLibs/qrencode-3.4.4/.libs -L/F/Coin/BaseLibs/gmp-6.0.0/.libs CPPFLAGS=-I/F/Coin/BaseLibs/db-4.8.30.NC/build_unix -I/F/Coin/BaseLibs/boost_1_58_0 -I/F/Coin/BaseLibs/openssl-1.0.2c/include -I/F/Coin/BaseLibs -I/F/Coin/BaseLibs/protobuf-2.6.1/src -I/F/Coin/BaseLibs/libpng-1.6.16 -I/F/Coin/BaseLibs/qrencode-3.4.4 -I/F/Coin/BaseLibs/gmp-6.0.0  --disable-shared --with-pic --with-bignum=no --cache-file=/dev/null --srcdir=. --no-create --no-recursion

## --------- ##
## Platform. ##
## --------- ##

hostname = rd
uname -m = i686
uname -r = 1.0.18(0.48/3/2)
uname -s = MINGW32_NT-6.2
uname -v = 2012-11-21 22:34

/usr/bin/uname -p = unknown
/bin/uname -X     = unknown

/bin/arch              = unknown
/usr/bin/arch -k       = unknown
/usr/convex/getsysinfo = unknown
/usr/bin/hostinfo      = unknown
/bin/machine           = unknown
/usr/bin/oslevel       = unknown
/bin/universe          = unknown

PATH: .
PATH: /usr/local/bin
PATH: /mingw/bin
PATH: /bin
PATH: /c/ProgramData/Oracle/Java/javapath
PATH: /d/app/yrr/product/11.2.0/client_1/bin
PATH: /c/Program Files (x86)/Common Files/NetSarang
PATH: /c/Program Files (x86)/NVIDIA Corporation/PhysX/Common
PATH: /c/Program Files (x86)/Intel/iCLS Client/
PATH: /c/Program Files/Intel/iCLS Client/
PATH: /c/Windows/system32
PATH: /c/Windows
PATH: /c/Windows/System32/Wbem
PATH: /c/Windows/System32/WindowsPowerShell/v1.0/
PATH: /c/Program Files/Intel/Intel(R) Management Engine Components/DAL
PATH: /c/Program Files (x86)/Intel/Intel(R) Management Engine Components/DAL
PATH: /c/Program Files/Intel/Intel(R) Management Engine Components/IPT
PATH: /c/Program Files (x86)/Intel/Intel(R) Management Engine Components/IPT
PATH: /f/Coin/mingw32/bin
PATH: /c/Qt/5.3.2/bin
PATH: /f/Coin/C++/cmake-3.3.0/bin
PATH: /f/Coin/ExtLibs/ZebraCrossing-master/src/libsrc
PATH: /c/Program Files (x86)/Skype/Phone/


## ----------- ##
## Core tests. ##
## ----------- ##

configure:2309: checking build system type
configure:2323: result: i686-pc-mingw32
configure:2343: checking host system type
configure:2356: result: i686-pc-mingw32
configure:2395: checking for a BSD-compatible install
configure:2463: result: /bin/install -c
configure:2474: checking whether build environment is sane
configure:2524: result: yes
configure:2665: checking for a thread-safe mkdir -p
configure:2704: result: /bin/mkdir -p
configure:2717: checking for gawk
configure:2733: found /bin/gawk
configure:2744: result: gawk
configure:2755: checking whether make sets $(MAKE)
configure:2777: result: yes
configure:2903: checking how to print strings
configure:2930: result: printf
configure:2963: checking for style of include used by make
configure:2991: result: GNU
configure:3061: checking for gcc
configure:3077: found /f/Coin/mingw32/bin/gcc
configure:3088: result: gcc
configure:3317: checking for C compiler version
configure:3326: gcc --version >&5
gcc.exe (i686-posix-dwarf-rev1, Built by MinGW-W64 project) 4.9.2
Copyright (C) 2014 Free Software Foundation, Inc.
This is free software; see the source for copying conditions.  There is NO
warranty; not even for MERCHANTABILITY or FITNESS FOR A PARTICULAR PURPOSE.

configure:3337: $? = 0
configure:3326: gcc -v >&5
Using built-in specs.
COLLECT_GCC=f:\Coin\mingw32\bin\gcc.exe
COLLECT_LTO_WRAPPER=f:/Coin/mingw32/bin/../libexec/gcc/i686-w64-mingw32/4.9.2/lto-wrapper.exe
Target: i686-w64-mingw32
Configured with: ../../../src/gcc-4.9.2/configure --host=i686-w64-mingw32 --build=i686-w64-mingw32 --target=i686-w64-mingw32 --prefix=/mingw32 --with-sysroot=/c/mingw492/i686-492-posix-dwarf-rt_v3-rev1/mingw32 --with-gxx-include-dir=/mingw32/i686-w64-mingw32/include/c++ --enable-shared --enable-static --disable-multilib --enable-languages=ada,c,c++,fortran,objc,obj-c++,lto --enable-libstdcxx-time=yes --enable-threads=posix --enable-libgomp --enable-libatomic --enable-lto --enable-graphite --enable-checking=release --enable-fully-dynamic-string --enable-version-specific-runtime-libs --disable-sjlj-exceptions --with-dwarf2 --disable-isl-version-check --disable-cloog-version-check --disable-libstdcxx-pch --disable-libstdcxx-debug --enable-bootstrap --disable-rpath --disable-win32-registry --disable-nls --disable-werror --disable-symvers --with-gnu-as --with-gnu-ld --with-arch=i686 --with-tune=generic --with-libiconv --with-system-zlib --with-gmp=/c/mingw492/prerequisites/i686-w64-mingw32-static --with-mpfr=/c/mingw492/prerequisites/i686-w64-mingw32-static --with-mpc=/c/mingw492/prerequisites/i686-w64-mingw32-static --with-isl=/c/mingw492/prerequisites/i686-w64-mingw32-static --with-cloog=/c/mingw492/prerequisites/i686-w64-mingw32-static --enable-cloog-backend=isl --with-pkgversion='i686-posix-dwarf-rev1, Built by MinGW-W64 project' --with-bugurl=http://sourceforge.net/projects/mingw-w64 CFLAGS='-O2 -pipe -I/c/mingw492/i686-492-posix-dwarf-rt_v3-rev1/mingw32/opt/include -I/c/mingw492/prerequisites/i686-zlib-static/include -I/c/mingw492/prerequisites/i686-w64-mingw32-static/include' CXXFLAGS='-O2 -pipe -I/c/mingw492/i686-492-posix-dwarf-rt_v3-rev1/mingw32/opt/include -I/c/mingw492/prerequisites/i686-zlib-static/include -I/c/mingw492/prerequisites/i686-w64-mingw32-static/include' CPPFLAGS= LDFLAGS='-pipe -L/c/mingw492/i686-492-posix-dwarf-rt_v3-rev1/mingw32/opt/lib -L/c/mingw492/prerequisites/i686-zlib-static/lib -L/c/mingw492/prerequisites/i686-w64-mingw32-static/lib -Wl,--large-address-aware'
Thread model: posix
gcc version 4.9.2 (i686-posix-dwarf-rev1, Built by MinGW-W64 project) 
configure:3337: $? = 0
configure:3326: gcc -V >&5
gcc.exe: error: unrecognized command line option '-V'
gcc.exe: fatal error: no input files
compilation terminated.
configure:3337: $? = 1
configure:3326: gcc -qversion >&5
gcc.exe: error: unrecognized command line option '-qversion'
gcc.exe: fatal error: no input files
compilation terminated.
configure:3337: $? = 1
configure:3357: checking whether the C compiler works
configure:3379: gcc  -I/F/Coin/BaseLibs/db-4.8.30.NC/build_unix -I/F/Coin/BaseLibs/boost_1_58_0 -I/F/Coin/BaseLibs/openssl-1.0.2c/include -I/F/Coin/BaseLibs -I/F/Coin/BaseLibs/protobuf-2.6.1/src -I/F/Coin/BaseLibs/libpng-1.6.16 -I/F/Coin/BaseLibs/qrencode-3.4.4 -I/F/Coin/BaseLibs/gmp-6.0.0  -L/F/Coin/BaseLibs/db-4.8.30.NC/build_unix -L/F/Coin/BaseLibs/boost_1_58_0/stage/lib -L/F/Coin/BaseLibs/openssl-1.0.2c -L/F/Coin/BaseLibs/miniupnpc-1.9 -L/F/Coin/BaseLibs/protobuf-2.6.1/src/.libs -L/F/Coin/BaseLibs/libpng-1.6.16/.libs -L/F/Coin/BaseLibs/qrencode-3.4.4/.libs -L/F/Coin/BaseLibs/gmp-6.0.0/.libs conftest.c  >&5
configure:3383: $? = 0
configure:3431: result: yes
configure:3434: checking for C compiler default output file name
configure:3436: result: a.exe
configure:3442: checking for suffix of executables
configure:3449: gcc -o conftest.exe  -I/F/Coin/BaseLibs/db-4.8.30.NC/build_unix -I/F/Coin/BaseLibs/boost_1_58_0 -I/F/Coin/BaseLibs/openssl-1.0.2c/include -I/F/Coin/BaseLibs -I/F/Coin/BaseLibs/protobuf-2.6.1/src -I/F/Coin/BaseLibs/libpng-1.6.16 -I/F/Coin/BaseLibs/qrencode-3.4.4 -I/F/Coin/BaseLibs/gmp-6.0.0  -L/F/Coin/BaseLibs/db-4.8.30.NC/build_unix -L/F/Coin/BaseLibs/boost_1_58_0/stage/lib -L/F/Coin/BaseLibs/openssl-1.0.2c -L/F/Coin/BaseLibs/miniupnpc-1.9 -L/F/Coin/BaseLibs/protobuf-2.6.1/src/.libs -L/F/Coin/BaseLibs/libpng-1.6.16/.libs -L/F/Coin/BaseLibs/qrencode-3.4.4/.libs -L/F/Coin/BaseLibs/gmp-6.0.0/.libs conftest.c  >&5
configure:3453: $? = 0
configure:3475: result: .exe
configure:3497: checking whether we are cross compiling
configure:3505: gcc -o conftest.exe  -I/F/Coin/BaseLibs/db-4.8.30.NC/build_unix -I/F/Coin/BaseLibs/boost_1_58_0 -I/F/Coin/BaseLibs/openssl-1.0.2c/include -I/F/Coin/BaseLibs -I/F/Coin/BaseLibs/protobuf-2.6.1/src -I/F/Coin/BaseLibs/libpng-1.6.16 -I/F/Coin/BaseLibs/qrencode-3.4.4 -I/F/Coin/BaseLibs/gmp-6.0.0  -L/F/Coin/BaseLibs/db-4.8.30.NC/build_unix -L/F/Coin/BaseLibs/boost_1_58_0/stage/lib -L/F/Coin/BaseLibs/openssl-1.0.2c -L/F/Coin/BaseLibs/miniupnpc-1.9 -L/F/Coin/BaseLibs/protobuf-2.6.1/src/.libs -L/F/Coin/BaseLibs/libpng-1.6.16/.libs -L/F/Coin/BaseLibs/qrencode-3.4.4/.libs -L/F/Coin/BaseLibs/gmp-6.0.0/.libs conftest.c  >&5
configure:3509: $? = 0
configure:3516: ./conftest.exe
configure:3520: $? = 0
configure:3535: result: no
configure:3540: checking for suffix of object files
configure:3562: gcc -c  -I/F/Coin/BaseLibs/db-4.8.30.NC/build_unix -I/F/Coin/BaseLibs/boost_1_58_0 -I/F/Coin/BaseLibs/openssl-1.0.2c/include -I/F/Coin/BaseLibs -I/F/Coin/BaseLibs/protobuf-2.6.1/src -I/F/Coin/BaseLibs/libpng-1.6.16 -I/F/Coin/BaseLibs/qrencode-3.4.4 -I/F/Coin/BaseLibs/gmp-6.0.0  conftest.c >&5
configure:3566: $? = 0
configure:3587: result: o
configure:3591: checking whether we are using the GNU C compiler
configure:3610: gcc -c  -I/F/Coin/BaseLibs/db-4.8.30.NC/build_unix -I/F/Coin/BaseLibs/boost_1_58_0 -I/F/Coin/BaseLibs/openssl-1.0.2c/include -I/F/Coin/BaseLibs -I/F/Coin/BaseLibs/protobuf-2.6.1/src -I/F/Coin/BaseLibs/libpng-1.6.16 -I/F/Coin/BaseLibs/qrencode-3.4.4 -I/F/Coin/BaseLibs/gmp-6.0.0  conftest.c >&5
configure:3610: $? = 0
configure:3619: result: yes
configure:3628: checking whether gcc accepts -g
configure:3648: gcc -c -g -I/F/Coin/BaseLibs/db-4.8.30.NC/build_unix -I/F/Coin/BaseLibs/boost_1_58_0 -I/F/Coin/BaseLibs/openssl-1.0.2c/include -I/F/Coin/BaseLibs -I/F/Coin/BaseLibs/protobuf-2.6.1/src -I/F/Coin/BaseLibs/libpng-1.6.16 -I/F/Coin/BaseLibs/qrencode-3.4.4 -I/F/Coin/BaseLibs/gmp-6.0.0  conftest.c >&5
configure:3648: $? = 0
configure:3689: result: yes
configure:3706: checking for gcc option to accept ISO C89
configure:3770: gcc  -c -g -O2 -I/F/Coin/BaseLibs/db-4.8.30.NC/build_unix -I/F/Coin/BaseLibs/boost_1_58_0 -I/F/Coin/BaseLibs/openssl-1.0.2c/include -I/F/Coin/BaseLibs -I/F/Coin/BaseLibs/protobuf-2.6.1/src -I/F/Coin/BaseLibs/libpng-1.6.16 -I/F/Coin/BaseLibs/qrencode-3.4.4 -I/F/Coin/BaseLibs/gmp-6.0.0  conftest.c >&5
configure:3770: $? = 0
configure:3783: result: none needed
configure:3805: checking dependency style of gcc
configure:3915: result: gcc3
configure:3930: checking for a sed that does not truncate output
configure:3994: result: /bin/sed
configure:4012: checking for grep that handles long lines and -e
configure:4070: result: /bin/grep
configure:4075: checking for egrep
configure:4137: result: /bin/grep -E
configure:4142: checking for fgrep
configure:4204: result: /bin/grep -F
configure:4239: checking for ld used by gcc
configure:4306: result: f:/Coin/mingw32/i686-w64-mingw32/bin/ld.exe
configure:4313: checking if the linker (f:/Coin/mingw32/i686-w64-mingw32/bin/ld.exe) is GNU ld
configure:4328: result: yes
configure:4340: checking for BSD- or MS-compatible name lister (nm)
configure:4389: result: /f/Coin/mingw32/bin/nm
configure:4519: checking the name lister (/f/Coin/mingw32/bin/nm) interface
configure:4526: gcc -c -g -O2 -I/F/Coin/BaseLibs/db-4.8.30.NC/build_unix -I/F/Coin/BaseLibs/boost_1_58_0 -I/F/Coin/BaseLibs/openssl-1.0.2c/include -I/F/Coin/BaseLibs -I/F/Coin/BaseLibs/protobuf-2.6.1/src -I/F/Coin/BaseLibs/libpng-1.6.16 -I/F/Coin/BaseLibs/qrencode-3.4.4 -I/F/Coin/BaseLibs/gmp-6.0.0  conftest.c >&5
configure:4529: /f/Coin/mingw32/bin/nm "conftest.o"
configure:4532: output
00000000 b .bss
00000000 d .data
00000000 N .debug_abbrev
00000000 N .debug_aranges
00000000 N .debug_info
00000000 N .debug_line
00000000 r .rdata$zzz
00000000 t .text
00000000 B _some_variable
configure:4539: result: BSD nm
configure:4542: checking whether ln -s works
configure:4549: result: no, using cp -p
configure:4554: checking the maximum length of command line arguments
configure:4679: result: 8192
configure:4696: checking whether the shell understands some XSI constructs
configure:4706: result: yes
configure:4710: checking whether the shell understands "+="
configure:4716: result: yes
configure:4751: checking how to convert i686-pc-mingw32 file names to i686-pc-mingw32 format
configure:4813: result: func_convert_file_msys_to_w32
configure:4820: checking how to convert i686-pc-mingw32 file names to toolchain format
configure:4840: result: func_convert_file_msys_to_w32
configure:4847: checking for f:/Coin/mingw32/i686-w64-mingw32/bin/ld.exe option to reload object files
configure:4854: result: -r
configure:4928: checking for objdump
configure:4944: found /f/Coin/mingw32/bin/objdump
configure:4955: result: objdump
configure:4987: checking how to recognize dependent libraries
configure:5189: result: file_magic ^x86 archive import|^x86 DLL
configure:5274: checking for dlltool
configure:5290: found /f/Coin/mingw32/bin/dlltool
configure:5301: result: dlltool
configure:5334: checking how to associate runtime and link libraries
configure:5361: result: func_cygming_dll_for_implib
configure:5422: checking for ar
configure:5438: found /f/Coin/mingw32/bin/ar
configure:5449: result: ar
configure:5486: checking for archiver @FILE support
configure:5503: gcc -c -g -O2 -I/F/Coin/BaseLibs/db-4.8.30.NC/build_unix -I/F/Coin/BaseLibs/boost_1_58_0 -I/F/Coin/BaseLibs/openssl-1.0.2c/include -I/F/Coin/BaseLibs -I/F/Coin/BaseLibs/protobuf-2.6.1/src -I/F/Coin/BaseLibs/libpng-1.6.16 -I/F/Coin/BaseLibs/qrencode-3.4.4 -I/F/Coin/BaseLibs/gmp-6.0.0  conftest.c >&5
configure:5503: $? = 0
configure:5506: ar cru libconftest.a @conftest.lst >&5
configure:5509: $? = 0
configure:5514: ar cru libconftest.a @conftest.lst >&5
f:\Coin\mingw32\bin\ar.exe: conftest.o: No such file or directory
configure:5517: $? = 1
configure:5529: result: @
configure:5587: checking for strip
configure:5603: found /f/Coin/mingw32/bin/strip
configure:5614: result: strip
configure:5686: checking for ranlib
configure:5702: found /f/Coin/mingw32/bin/ranlib
configure:5713: result: ranlib
configure:5815: checking command to parse /f/Coin/mingw32/bin/nm output from gcc object
configure:5934: gcc -c -g -O2 -I/F/Coin/BaseLibs/db-4.8.30.NC/build_unix -I/F/Coin/BaseLibs/boost_1_58_0 -I/F/Coin/BaseLibs/openssl-1.0.2c/include -I/F/Coin/BaseLibs -I/F/Coin/BaseLibs/protobuf-2.6.1/src -I/F/Coin/BaseLibs/libpng-1.6.16 -I/F/Coin/BaseLibs/qrencode-3.4.4 -I/F/Coin/BaseLibs/gmp-6.0.0  conftest.c >&5
configure:5937: $? = 0
configure:5941: /f/Coin/mingw32/bin/nm conftest.o \| sed -n -e 's/^.*[ ]\([ABCDGIRSTW][ABCDGIRSTW]*\)[ ][ ]*\([_A-Za-z][_A-Za-z0-9]*\)\{0,1\}$/\1 \2 \2/p' | sed '/ __gnu_lto/d' \> conftest.nm
configure:5944: $? = 0
cannot find nm_test_var in conftest.nm
configure:5934: gcc -c -g -O2 -I/F/Coin/BaseLibs/db-4.8.30.NC/build_unix -I/F/Coin/BaseLibs/boost_1_58_0 -I/F/Coin/BaseLibs/openssl-1.0.2c/include -I/F/Coin/BaseLibs -I/F/Coin/BaseLibs/protobuf-2.6.1/src -I/F/Coin/BaseLibs/libpng-1.6.16 -I/F/Coin/BaseLibs/qrencode-3.4.4 -I/F/Coin/BaseLibs/gmp-6.0.0  conftest.c >&5
configure:5937: $? = 0
configure:5941: /f/Coin/mingw32/bin/nm conftest.o \| sed -n -e 's/^.*[ ]\([ABCDGIRSTW][ABCDGIRSTW]*\)[ ][ ]*_\([_A-Za-z][_A-Za-z0-9]*\)\{0,1\}$/\1 _\2 \2/p' | sed '/ __gnu_lto/d' \> conftest.nm
configure:5944: $? = 0
configure:6010: gcc -o conftest.exe -g -O2 -I/F/Coin/BaseLibs/db-4.8.30.NC/build_unix -I/F/Coin/BaseLibs/boost_1_58_0 -I/F/Coin/BaseLibs/openssl-1.0.2c/include -I/F/Coin/BaseLibs -I/F/Coin/BaseLibs/protobuf-2.6.1/src -I/F/Coin/BaseLibs/libpng-1.6.16 -I/F/Coin/BaseLibs/qrencode-3.4.4 -I/F/Coin/BaseLibs/gmp-6.0.0  -L/F/Coin/BaseLibs/db-4.8.30.NC/build_unix -L/F/Coin/BaseLibs/boost_1_58_0/stage/lib -L/F/Coin/BaseLibs/openssl-1.0.2c -L/F/Coin/BaseLibs/miniupnpc-1.9 -L/F/Coin/BaseLibs/protobuf-2.6.1/src/.libs -L/F/Coin/BaseLibs/libpng-1.6.16/.libs -L/F/Coin/BaseLibs/qrencode-3.4.4/.libs -L/F/Coin/BaseLibs/gmp-6.0.0/.libs conftest.c conftstm.o >&5
configure:6013: $? = 0
configure:6051: result: ok
configure:6088: checking for sysroot
configure:6118: result: no
configure:6361: checking for mt
configure:6391: result: no
configure:6411: checking if : is a manifest tool
configure:6417: : '-?'
configure:6425: result: no
configure:7057: checking how to run the C preprocessor
configure:7088: gcc -E -I/F/Coin/BaseLibs/db-4.8.30.NC/build_unix -I/F/Coin/BaseLibs/boost_1_58_0 -I/F/Coin/BaseLibs/openssl-1.0.2c/include -I/F/Coin/BaseLibs -I/F/Coin/BaseLibs/protobuf-2.6.1/src -I/F/Coin/BaseLibs/libpng-1.6.16 -I/F/Coin/BaseLibs/qrencode-3.4.4 -I/F/Coin/BaseLibs/gmp-6.0.0  conftest.c
configure:7088: $? = 0
configure:7102: gcc -E -I/F/Coin/BaseLibs/db-4.8.30.NC/build_unix -I/F/Coin/BaseLibs/boost_1_58_0 -I/F/Coin/BaseLibs/openssl-1.0.2c/include -I/F/Coin/BaseLibs -I/F/Coin/BaseLibs/protobuf-2.6.1/src -I/F/Coin/BaseLibs/libpng-1.6.16 -I/F/Coin/BaseLibs/qrencode-3.4.4 -I/F/Coin/BaseLibs/gmp-6.0.0  conftest.c
conftest.c:11:28: fatal error: ac_nonexistent.h: No such file or directory
 #include <ac_nonexistent.h>
                            ^
compilation terminated.
configure:7102: $? = 1
configure: failed program was:
| /* confdefs.h */
| #define PACKAGE_NAME "libsecp256k1"
| #define PACKAGE_TARNAME "libsecp256k1"
| #define PACKAGE_VERSION "0.1"
| #define PACKAGE_STRING "libsecp256k1 0.1"
| #define PACKAGE_BUGREPORT ""
| #define PACKAGE_URL ""
| #define PACKAGE "libsecp256k1"
| #define VERSION "0.1"
| /* end confdefs.h.  */
| #include <ac_nonexistent.h>
configure:7127: result: gcc -E
configure:7147: gcc -E -I/F/Coin/BaseLibs/db-4.8.30.NC/build_unix -I/F/Coin/BaseLibs/boost_1_58_0 -I/F/Coin/BaseLibs/openssl-1.0.2c/include -I/F/Coin/BaseLibs -I/F/Coin/BaseLibs/protobuf-2.6.1/src -I/F/Coin/BaseLibs/libpng-1.6.16 -I/F/Coin/BaseLibs/qrencode-3.4.4 -I/F/Coin/BaseLibs/gmp-6.0.0  conftest.c
configure:7147: $? = 0
configure:7161: gcc -E -I/F/Coin/BaseLibs/db-4.8.30.NC/build_unix -I/F/Coin/BaseLibs/boost_1_58_0 -I/F/Coin/BaseLibs/openssl-1.0.2c/include -I/F/Coin/BaseLibs -I/F/Coin/BaseLibs/protobuf-2.6.1/src -I/F/Coin/BaseLibs/libpng-1.6.16 -I/F/Coin/BaseLibs/qrencode-3.4.4 -I/F/Coin/BaseLibs/gmp-6.0.0  conftest.c
conftest.c:11:28: fatal error: ac_nonexistent.h: No such file or directory
 #include <ac_nonexistent.h>
                            ^
compilation terminated.
configure:7161: $? = 1
configure: failed program was:
| /* confdefs.h */
| #define PACKAGE_NAME "libsecp256k1"
| #define PACKAGE_TARNAME "libsecp256k1"
| #define PACKAGE_VERSION "0.1"
| #define PACKAGE_STRING "libsecp256k1 0.1"
| #define PACKAGE_BUGREPORT ""
| #define PACKAGE_URL ""
| #define PACKAGE "libsecp256k1"
| #define VERSION "0.1"
| /* end confdefs.h.  */
| #include <ac_nonexistent.h>
configure:7190: checking for ANSI C header files
configure:7210: gcc -c -g -O2 -I/F/Coin/BaseLibs/db-4.8.30.NC/build_unix -I/F/Coin/BaseLibs/boost_1_58_0 -I/F/Coin/BaseLibs/openssl-1.0.2c/include -I/F/Coin/BaseLibs -I/F/Coin/BaseLibs/protobuf-2.6.1/src -I/F/Coin/BaseLibs/libpng-1.6.16 -I/F/Coin/BaseLibs/qrencode-3.4.4 -I/F/Coin/BaseLibs/gmp-6.0.0  conftest.c >&5
configure:7210: $? = 0
configure:7283: gcc -o conftest.exe -g -O2 -I/F/Coin/BaseLibs/db-4.8.30.NC/build_unix -I/F/Coin/BaseLibs/boost_1_58_0 -I/F/Coin/BaseLibs/openssl-1.0.2c/include -I/F/Coin/BaseLibs -I/F/Coin/BaseLibs/protobuf-2.6.1/src -I/F/Coin/BaseLibs/libpng-1.6.16 -I/F/Coin/BaseLibs/qrencode-3.4.4 -I/F/Coin/BaseLibs/gmp-6.0.0  -L/F/Coin/BaseLibs/db-4.8.30.NC/build_unix -L/F/Coin/BaseLibs/boost_1_58_0/stage/lib -L/F/Coin/BaseLibs/openssl-1.0.2c -L/F/Coin/BaseLibs/miniupnpc-1.9 -L/F/Coin/BaseLibs/protobuf-2.6.1/src/.libs -L/F/Coin/BaseLibs/libpng-1.6.16/.libs -L/F/Coin/BaseLibs/qrencode-3.4.4/.libs -L/F/Coin/BaseLibs/gmp-6.0.0/.libs conftest.c  >&5
configure:7283: $? = 0
configure:7283: ./conftest.exe
configure:7283: $? = 0
configure:7294: result: yes
configure:7307: checking for sys/types.h
configure:7307: gcc -c -g -O2 -I/F/Coin/BaseLibs/db-4.8.30.NC/build_unix -I/F/Coin/BaseLibs/boost_1_58_0 -I/F/Coin/BaseLibs/openssl-1.0.2c/include -I/F/Coin/BaseLibs -I/F/Coin/BaseLibs/protobuf-2.6.1/src -I/F/Coin/BaseLibs/libpng-1.6.16 -I/F/Coin/BaseLibs/qrencode-3.4.4 -I/F/Coin/BaseLibs/gmp-6.0.0  conftest.c >&5
configure:7307: $? = 0
configure:7307: result: yes
configure:7307: checking for sys/stat.h
configure:7307: gcc -c -g -O2 -I/F/Coin/BaseLibs/db-4.8.30.NC/build_unix -I/F/Coin/BaseLibs/boost_1_58_0 -I/F/Coin/BaseLibs/openssl-1.0.2c/include -I/F/Coin/BaseLibs -I/F/Coin/BaseLibs/protobuf-2.6.1/src -I/F/Coin/BaseLibs/libpng-1.6.16 -I/F/Coin/BaseLibs/qrencode-3.4.4 -I/F/Coin/BaseLibs/gmp-6.0.0  conftest.c >&5
configure:7307: $? = 0
configure:7307: result: yes
configure:7307: checking for stdlib.h
configure:7307: gcc -c -g -O2 -I/F/Coin/BaseLibs/db-4.8.30.NC/build_unix -I/F/Coin/BaseLibs/boost_1_58_0 -I/F/Coin/BaseLibs/openssl-1.0.2c/include -I/F/Coin/BaseLibs -I/F/Coin/BaseLibs/protobuf-2.6.1/src -I/F/Coin/BaseLibs/libpng-1.6.16 -I/F/Coin/BaseLibs/qrencode-3.4.4 -I/F/Coin/BaseLibs/gmp-6.0.0  conftest.c >&5
configure:7307: $? = 0
configure:7307: result: yes
configure:7307: checking for string.h
configure:7307: gcc -c -g -O2 -I/F/Coin/BaseLibs/db-4.8.30.NC/build_unix -I/F/Coin/BaseLibs/boost_1_58_0 -I/F/Coin/BaseLibs/openssl-1.0.2c/include -I/F/Coin/BaseLibs -I/F/Coin/BaseLibs/protobuf-2.6.1/src -I/F/Coin/BaseLibs/libpng-1.6.16 -I/F/Coin/BaseLibs/qrencode-3.4.4 -I/F/Coin/BaseLibs/gmp-6.0.0  conftest.c >&5
configure:7307: $? = 0
configure:7307: result: yes
configure:7307: checking for memory.h
configure:7307: gcc -c -g -O2 -I/F/Coin/BaseLibs/db-4.8.30.NC/build_unix -I/F/Coin/BaseLibs/boost_1_58_0 -I/F/Coin/BaseLibs/openssl-1.0.2c/include -I/F/Coin/BaseLibs -I/F/Coin/BaseLibs/protobuf-2.6.1/src -I/F/Coin/BaseLibs/libpng-1.6.16 -I/F/Coin/BaseLibs/qrencode-3.4.4 -I/F/Coin/BaseLibs/gmp-6.0.0  conftest.c >&5
configure:7307: $? = 0
configure:7307: result: yes
configure:7307: checking for strings.h
configure:7307: gcc -c -g -O2 -I/F/Coin/BaseLibs/db-4.8.30.NC/build_unix -I/F/Coin/BaseLibs/boost_1_58_0 -I/F/Coin/BaseLibs/openssl-1.0.2c/include -I/F/Coin/BaseLibs -I/F/Coin/BaseLibs/protobuf-2.6.1/src -I/F/Coin/BaseLibs/libpng-1.6.16 -I/F/Coin/BaseLibs/qrencode-3.4.4 -I/F/Coin/BaseLibs/gmp-6.0.0  conftest.c >&5
configure:7307: $? = 0
configure:7307: result: yes
configure:7307: checking for inttypes.h
configure:7307: gcc -c -g -O2 -I/F/Coin/BaseLibs/db-4.8.30.NC/build_unix -I/F/Coin/BaseLibs/boost_1_58_0 -I/F/Coin/BaseLibs/openssl-1.0.2c/include -I/F/Coin/BaseLibs -I/F/Coin/BaseLibs/protobuf-2.6.1/src -I/F/Coin/BaseLibs/libpng-1.6.16 -I/F/Coin/BaseLibs/qrencode-3.4.4 -I/F/Coin/BaseLibs/gmp-6.0.0  conftest.c >&5
configure:7307: $? = 0
configure:7307: result: yes
configure:7307: checking for stdint.h
configure:7307: gcc -c -g -O2 -I/F/Coin/BaseLibs/db-4.8.30.NC/build_unix -I/F/Coin/BaseLibs/boost_1_58_0 -I/F/Coin/BaseLibs/openssl-1.0.2c/include -I/F/Coin/BaseLibs -I/F/Coin/BaseLibs/protobuf-2.6.1/src -I/F/Coin/BaseLibs/libpng-1.6.16 -I/F/Coin/BaseLibs/qrencode-3.4.4 -I/F/Coin/BaseLibs/gmp-6.0.0  conftest.c >&5
configure:7307: $? = 0
configure:7307: result: yes
configure:7307: checking for unistd.h
configure:7307: gcc -c -g -O2 -I/F/Coin/BaseLibs/db-4.8.30.NC/build_unix -I/F/Coin/BaseLibs/boost_1_58_0 -I/F/Coin/BaseLibs/openssl-1.0.2c/include -I/F/Coin/BaseLibs -I/F/Coin/BaseLibs/protobuf-2.6.1/src -I/F/Coin/BaseLibs/libpng-1.6.16 -I/F/Coin/BaseLibs/qrencode-3.4.4 -I/F/Coin/BaseLibs/gmp-6.0.0  conftest.c >&5
configure:7307: $? = 0
configure:7307: result: yes
configure:7321: checking for dlfcn.h
configure:7321: gcc -c -g -O2 -I/F/Coin/BaseLibs/db-4.8.30.NC/build_unix -I/F/Coin/BaseLibs/boost_1_58_0 -I/F/Coin/BaseLibs/openssl-1.0.2c/include -I/F/Coin/BaseLibs -I/F/Coin/BaseLibs/protobuf-2.6.1/src -I/F/Coin/BaseLibs/libpng-1.6.16 -I/F/Coin/BaseLibs/qrencode-3.4.4 -I/F/Coin/BaseLibs/gmp-6.0.0  conftest.c >&5
conftest.c:55:19: fatal error: dlfcn.h: No such file or directory
 #include <dlfcn.h>
                   ^
compilation terminated.
configure:7321: $? = 1
configure: failed program was:
| /* confdefs.h */
| #define PACKAGE_NAME "libsecp256k1"
| #define PACKAGE_TARNAME "libsecp256k1"
| #define PACKAGE_VERSION "0.1"
| #define PACKAGE_STRING "libsecp256k1 0.1"
| #define PACKAGE_BUGREPORT ""
| #define PACKAGE_URL ""
| #define PACKAGE "libsecp256k1"
| #define VERSION "0.1"
| #define STDC_HEADERS 1
| #define HAVE_SYS_TYPES_H 1
| #define HAVE_SYS_STAT_H 1
| #define HAVE_STDLIB_H 1
| #define HAVE_STRING_H 1
| #define HAVE_MEMORY_H 1
| #define HAVE_STRINGS_H 1
| #define HAVE_INTTYPES_H 1
| #define HAVE_STDINT_H 1
| #define HAVE_UNISTD_H 1
| /* end confdefs.h.  */
| #include <stdio.h>
| #ifdef HAVE_SYS_TYPES_H
| # include <sys/types.h>
| #endif
| #ifdef HAVE_SYS_STAT_H
| # include <sys/stat.h>
| #endif
| #ifdef STDC_HEADERS
| # include <stdlib.h>
| # include <stddef.h>
| #else
| # ifdef HAVE_STDLIB_H
| #  include <stdlib.h>
| # endif
| #endif
| #ifdef HAVE_STRING_H
| # if !defined STDC_HEADERS && defined HAVE_MEMORY_H
| #  include <memory.h>
| # endif
| # include <string.h>
| #endif
| #ifdef HAVE_STRINGS_H
| # include <strings.h>
| #endif
| #ifdef HAVE_INTTYPES_H
| # include <inttypes.h>
| #endif
| #ifdef HAVE_STDINT_H
| # include <stdint.h>
| #endif
| #ifdef HAVE_UNISTD_H
| # include <unistd.h>
| #endif
| 
| #include <dlfcn.h>
configure:7321: result: no
configure:7508: checking for objdir
configure:7523: result: .libs
configure:7794: checking if gcc supports -fno-rtti -fno-exceptions
configure:7812: gcc -c -g -O2 -I/F/Coin/BaseLibs/db-4.8.30.NC/build_unix -I/F/Coin/BaseLibs/boost_1_58_0 -I/F/Coin/BaseLibs/openssl-1.0.2c/include -I/F/Coin/BaseLibs -I/F/Coin/BaseLibs/protobuf-2.6.1/src -I/F/Coin/BaseLibs/libpng-1.6.16 -I/F/Coin/BaseLibs/qrencode-3.4.4 -I/F/Coin/BaseLibs/gmp-6.0.0  -fno-rtti -fno-exceptions conftest.c >&5
cc1.exe: warning: command line option '-fno-rtti' is valid for C++/ObjC++ but not for C
configure:7816: $? = 0
configure:7829: result: no
configure:8139: checking for gcc option to produce PIC
configure:8146: result: -DDLL_EXPORT -DPIC
configure:8154: checking if gcc PIC flag -DDLL_EXPORT -DPIC works
configure:8172: gcc -c -g -O2 -I/F/Coin/BaseLibs/db-4.8.30.NC/build_unix -I/F/Coin/BaseLibs/boost_1_58_0 -I/F/Coin/BaseLibs/openssl-1.0.2c/include -I/F/Coin/BaseLibs -I/F/Coin/BaseLibs/protobuf-2.6.1/src -I/F/Coin/BaseLibs/libpng-1.6.16 -I/F/Coin/BaseLibs/qrencode-3.4.4 -I/F/Coin/BaseLibs/gmp-6.0.0  -DDLL_EXPORT -DPIC -DPIC conftest.c >&5
configure:8176: $? = 0
configure:8189: result: yes
configure:8218: checking if gcc static flag -static works
configure:8246: result: yes
configure:8261: checking if gcc supports -c -o file.o
configure:8282: gcc -c -g -O2 -I/F/Coin/BaseLibs/db-4.8.30.NC/build_unix -I/F/Coin/BaseLibs/boost_1_58_0 -I/F/Coin/BaseLibs/openssl-1.0.2c/include -I/F/Coin/BaseLibs -I/F/Coin/BaseLibs/protobuf-2.6.1/src -I/F/Coin/BaseLibs/libpng-1.6.16 -I/F/Coin/BaseLibs/qrencode-3.4.4 -I/F/Coin/BaseLibs/gmp-6.0.0  -o out/conftest2.o conftest.c >&5
configure:8286: $? = 0
configure:8308: result: yes
configure:8316: checking if gcc supports -c -o file.o
configure:8363: result: yes
configure:8396: checking whether the gcc linker (f:/Coin/mingw32/i686-w64-mingw32/bin/ld.exe) supports shared libraries
configure:9554: result: yes
configure:9799: checking dynamic linker characteristics
configure:10541: result: Win32 ld.exe
configure:10648: checking how to hardcode library paths into programs
configure:10673: result: immediate
configure:11213: checking whether stripping libraries is possible
configure:11218: result: yes
configure:11253: checking if libtool supports shared libraries
configure:11255: result: yes
configure:11258: checking whether to build shared libraries
configure:11279: result: no
configure:11282: checking whether to build static libraries
configure:11286: result: yes
configure:11389: checking for pkg-config
configure:11407: found /bin/pkg-config
configure:11419: result: /bin/pkg-config
configure:11444: checking pkg-config is at least version 0.9.0
configure:11447: result: yes
configure:11502: checking for ar
configure:11520: found /f/Coin/mingw32/bin/ar
configure:11532: result: /f/Coin/mingw32/bin/ar
configure:11600: checking for ranlib
configure:11618: found /f/Coin/mingw32/bin/ranlib
configure:11630: result: /f/Coin/mingw32/bin/ranlib
configure:11698: checking for strip
configure:11716: found /f/Coin/mingw32/bin/strip
configure:11728: result: /f/Coin/mingw32/bin/strip
configure:11755: checking for gcc option to accept ISO C89
configure:11832: result: none needed
configure:11970: checking if gcc supports -std=c89 -pedantic -Wall -Wextra -Wcast-align -Wnested-externs -Wshadow -Wstrict-prototypes -Wno-unused-function -Wno-long-long -Wno-overlength-strings
configure:11976: gcc -c -g -O2 -W -std=c89 -pedantic -Wall -Wextra -Wcast-align -Wnested-externs -Wshadow -Wstrict-prototypes -Wno-unused-function -Wno-long-long -Wno-overlength-strings -I/F/Coin/BaseLibs/db-4.8.30.NC/build_unix -I/F/Coin/BaseLibs/boost_1_58_0 -I/F/Coin/BaseLibs/openssl-1.0.2c/include -I/F/Coin/BaseLibs -I/F/Coin/BaseLibs/protobuf-2.6.1/src -I/F/Coin/BaseLibs/libpng-1.6.16 -I/F/Coin/BaseLibs/qrencode-3.4.4 -I/F/Coin/BaseLibs/gmp-6.0.0  conftest.c >&5
configure:11976: $? = 0
configure:11977: result: yes
configure:12048: checking for __int128
configure:12048: gcc -c -g -O2 -W -std=c89 -pedantic -Wall -Wextra -Wcast-align -Wnested-externs -Wshadow -Wstrict-prototypes -Wno-unused-function -Wno-long-long -Wno-overlength-strings -I/F/Coin/BaseLibs/db-4.8.30.NC/build_unix -I/F/Coin/BaseLibs/boost_1_58_0 -I/F/Coin/BaseLibs/openssl-1.0.2c/include -I/F/Coin/BaseLibs -I/F/Coin/BaseLibs/protobuf-2.6.1/src -I/F/Coin/BaseLibs/libpng-1.6.16 -I/F/Coin/BaseLibs/qrencode-3.4.4 -I/F/Coin/BaseLibs/gmp-6.0.0  conftest.c >&5
conftest.c:56:1: warning: function declaration isn't a prototype [-Wstrict-prototypes]
 main ()
 ^
conftest.c: In function 'main':
conftest.c:58:13: error: '__int128' is not supported for this target
 if (sizeof (__int128))
             ^
conftest.c:58:1: warning: type defaults to 'int' in type name [-Wimplicit-int]
 if (sizeof (__int128))
 ^
configure:12048: $? = 1
configure: failed program was:
| /* confdefs.h */
| #define PACKAGE_NAME "libsecp256k1"
| #define PACKAGE_TARNAME "libsecp256k1"
| #define PACKAGE_VERSION "0.1"
| #define PACKAGE_STRING "libsecp256k1 0.1"
| #define PACKAGE_BUGREPORT ""
| #define PACKAGE_URL ""
| #define PACKAGE "libsecp256k1"
| #define VERSION "0.1"
| #define STDC_HEADERS 1
| #define HAVE_SYS_TYPES_H 1
| #define HAVE_SYS_STAT_H 1
| #define HAVE_STDLIB_H 1
| #define HAVE_STRING_H 1
| #define HAVE_MEMORY_H 1
| #define HAVE_STRINGS_H 1
| #define HAVE_INTTYPES_H 1
| #define HAVE_STDINT_H 1
| #define HAVE_UNISTD_H 1
| #define LT_OBJDIR ".libs/"
| /* end confdefs.h.  */
| #include <stdio.h>
| #ifdef HAVE_SYS_TYPES_H
| # include <sys/types.h>
| #endif
| #ifdef HAVE_SYS_STAT_H
| # include <sys/stat.h>
| #endif
| #ifdef STDC_HEADERS
| # include <stdlib.h>
| # include <stddef.h>
| #else
| # ifdef HAVE_STDLIB_H
| #  include <stdlib.h>
| # endif
| #endif
| #ifdef HAVE_STRING_H
| # if !defined STDC_HEADERS && defined HAVE_MEMORY_H
| #  include <memory.h>
| # endif
| # include <string.h>
| #endif
| #ifdef HAVE_STRINGS_H
| # include <strings.h>
| #endif
| #ifdef HAVE_INTTYPES_H
| # include <inttypes.h>
| #endif
| #ifdef HAVE_STDINT_H
| # include <stdint.h>
| #endif
| #ifdef HAVE_UNISTD_H
| # include <unistd.h>
| #endif
| int
| main ()
| {
| if (sizeof (__int128))
| 	 return 0;
|   ;
|   return 0;
| }
configure:12048: result: no
configure:12059: checking for __builtin_expect
configure:12065: gcc -c -g -O2 -W -std=c89 -pedantic -Wall -Wextra -Wcast-align -Wnested-externs -Wshadow -Wstrict-prototypes -Wno-unused-function -Wno-long-long -Wno-overlength-strings -I/F/Coin/BaseLibs/db-4.8.30.NC/build_unix -I/F/Coin/BaseLibs/boost_1_58_0 -I/F/Coin/BaseLibs/openssl-1.0.2c/include -I/F/Coin/BaseLibs -I/F/Coin/BaseLibs/protobuf-2.6.1/src -I/F/Coin/BaseLibs/libpng-1.6.16 -I/F/Coin/BaseLibs/qrencode-3.4.4 -I/F/Coin/BaseLibs/gmp-6.0.0  conftest.c >&5
conftest.c:22:6: warning: function declaration isn't a prototype [-Wstrict-prototypes]
 void myfunc() {__builtin_expect(0,0);}
      ^
conftest.c: In function 'myfunc':
conftest.c:22:16: warning: statement with no effect [-Wunused-value]
 void myfunc() {__builtin_expect(0,0);}
                ^
configure:12065: $? = 0
configure:12066: result: yes
configure:12079: checking for x86_64 assembly availability
configure:12096: gcc -c -g -O2 -W -std=c89 -pedantic -Wall -Wextra -Wcast-align -Wnested-externs -Wshadow -Wstrict-prototypes -Wno-unused-function -Wno-long-long -Wno-overlength-strings -I/F/Coin/BaseLibs/db-4.8.30.NC/build_unix -I/F/Coin/BaseLibs/boost_1_58_0 -I/F/Coin/BaseLibs/openssl-1.0.2c/include -I/F/Coin/BaseLibs -I/F/Coin/BaseLibs/protobuf-2.6.1/src -I/F/Coin/BaseLibs/libpng-1.6.16 -I/F/Coin/BaseLibs/qrencode-3.4.4 -I/F/Coin/BaseLibs/gmp-6.0.0  conftest.c >&5
conftest.c:26:1: warning: function declaration isn't a prototype [-Wstrict-prototypes]
 main ()
 ^
conftest.c: In function 'main':
conftest.c:30:3: warning: 'tmp' is used uninitialized in this function [-Wuninitialized]
   __asm__ __volatile__("movq SECP_64BIT_ASM_CHECKx100000000,%1; mulq %%rsi" : "+a"(a) : "S"(tmp) : "cc", "%rdx");
   ^
conftest.c:30:3: error: inconsistent operand constraints in an 'asm'
   __asm__ __volatile__("movq SECP_64BIT_ASM_CHECKx100000000,%1; mulq %%rsi" : "+a"(a) : "S"(tmp) : "cc", "%rdx");
   ^
configure:12096: $? = 1
configure: failed program was:
| /* confdefs.h */
| #define PACKAGE_NAME "libsecp256k1"
| #define PACKAGE_TARNAME "libsecp256k1"
| #define PACKAGE_VERSION "0.1"
| #define PACKAGE_STRING "libsecp256k1 0.1"
| #define PACKAGE_BUGREPORT ""
| #define PACKAGE_URL ""
| #define PACKAGE "libsecp256k1"
| #define VERSION "0.1"
| #define STDC_HEADERS 1
| #define HAVE_SYS_TYPES_H 1
| #define HAVE_SYS_STAT_H 1
| #define HAVE_STDLIB_H 1
| #define HAVE_STRING_H 1
| #define HAVE_MEMORY_H 1
| #define HAVE_STRINGS_H 1
| #define HAVE_INTTYPES_H 1
| #define HAVE_STDINT_H 1
| #define HAVE_UNISTD_H 1
| #define LT_OBJDIR ".libs/"
| #define HAVE_BUILTIN_EXPECT 1
| /* end confdefs.h.  */
| 
|   #include <stdint.h>
| int
| main ()
| {
| 
|   uint64_t a = 11, tmp;
|   __asm__ __volatile__("movq SECP_64BIT_ASM_CHECKx100000000,%1; mulq %%rsi" : "+a"(a) : "S"(tmp) : "cc", "%rdx");
| 
|   ;
|   return 0;
| }
configure:12102: result: no
configure:12661: checking whether byte ordering is bigendian
configure:12676: gcc -c -g -O2 -W -std=c89 -pedantic -Wall -Wextra -Wcast-align -Wnested-externs -Wshadow -Wstrict-prototypes -Wno-unused-function -Wno-long-long -Wno-overlength-strings -I/F/Coin/BaseLibs/db-4.8.30.NC/build_unix -I/F/Coin/BaseLibs/boost_1_58_0 -I/F/Coin/BaseLibs/openssl-1.0.2c/include -I/F/Coin/BaseLibs -I/F/Coin/BaseLibs/protobuf-2.6.1/src -I/F/Coin/BaseLibs/libpng-1.6.16 -I/F/Coin/BaseLibs/qrencode-3.4.4 -I/F/Coin/BaseLibs/gmp-6.0.0  conftest.c >&5
conftest.c:29:9: error: unknown type name 'not'
         not a universal capable compiler
         ^
conftest.c:29:15: error: expected '=', ',', ';', 'asm' or '__attribute__' before 'universal'
         not a universal capable compiler
               ^
conftest.c:29:15: error: unknown type name 'universal'
configure:12676: $? = 1
configure: failed program was:
| /* confdefs.h */
| #define PACKAGE_NAME "libsecp256k1"
| #define PACKAGE_TARNAME "libsecp256k1"
| #define PACKAGE_VERSION "0.1"
| #define PACKAGE_STRING "libsecp256k1 0.1"
| #define PACKAGE_BUGREPORT ""
| #define PACKAGE_URL ""
| #define PACKAGE "libsecp256k1"
| #define VERSION "0.1"
| #define STDC_HEADERS 1
| #define HAVE_SYS_TYPES_H 1
| #define HAVE_SYS_STAT_H 1
| #define HAVE_STDLIB_H 1
| #define HAVE_STRING_H 1
| #define HAVE_MEMORY_H 1
| #define HAVE_STRINGS_H 1
| #define HAVE_INTTYPES_H 1
| #define HAVE_STDINT_H 1
| #define HAVE_UNISTD_H 1
| #define LT_OBJDIR ".libs/"
| #define HAVE_BUILTIN_EXPECT 1
| #define USE_FIELD_10X26 1
| #define USE_NUM_NONE 1
| #define USE_FIELD_INV_BUILTIN 1
| #define USE_SCALAR_INV_BUILTIN 1
| #define USE_SCALAR_8X32 1
| /* end confdefs.h.  */
| #ifndef __APPLE_CC__
| 	       not a universal capable compiler
| 	     #endif
| 	     typedef int dummy;
| 
configure:12721: gcc -c -g -O2 -W -std=c89 -pedantic -Wall -Wextra -Wcast-align -Wnested-externs -Wshadow -Wstrict-prototypes -Wno-unused-function -Wno-long-long -Wno-overlength-strings -I/F/Coin/BaseLibs/db-4.8.30.NC/build_unix -I/F/Coin/BaseLibs/boost_1_58_0 -I/F/Coin/BaseLibs/openssl-1.0.2c/include -I/F/Coin/BaseLibs -I/F/Coin/BaseLibs/protobuf-2.6.1/src -I/F/Coin/BaseLibs/libpng-1.6.16 -I/F/Coin/BaseLibs/qrencode-3.4.4 -I/F/Coin/BaseLibs/gmp-6.0.0  conftest.c >&5
conftest.c:32:1: warning: function declaration isn't a prototype [-Wstrict-prototypes]
 main ()
 ^
configure:12721: $? = 0
configure:12739: gcc -c -g -O2 -W -std=c89 -pedantic -Wall -Wextra -Wcast-align -Wnested-externs -Wshadow -Wstrict-prototypes -Wno-unused-function -Wno-long-long -Wno-overlength-strings -I/F/Coin/BaseLibs/db-4.8.30.NC/build_unix -I/F/Coin/BaseLibs/boost_1_58_0 -I/F/Coin/BaseLibs/openssl-1.0.2c/include -I/F/Coin/BaseLibs -I/F/Coin/BaseLibs/protobuf-2.6.1/src -I/F/Coin/BaseLibs/libpng-1.6.16 -I/F/Coin/BaseLibs/qrencode-3.4.4 -I/F/Coin/BaseLibs/gmp-6.0.0  conftest.c >&5
conftest.c:32:1: warning: function declaration isn't a prototype [-Wstrict-prototypes]
 main ()
 ^
conftest.c: In function 'main':
conftest.c:35:4: error: unknown type name 'not'
    not big endian
    ^
conftest.c:35:12: error: expected '=', ',', ';', 'asm' or '__attribute__' before 'endian'
    not big endian
            ^
configure:12739: $? = 1
configure: failed program was:
| /* confdefs.h */
| #define PACKAGE_NAME "libsecp256k1"
| #define PACKAGE_TARNAME "libsecp256k1"
| #define PACKAGE_VERSION "0.1"
| #define PACKAGE_STRING "libsecp256k1 0.1"
| #define PACKAGE_BUGREPORT ""
| #define PACKAGE_URL ""
| #define PACKAGE "libsecp256k1"
| #define VERSION "0.1"
| #define STDC_HEADERS 1
| #define HAVE_SYS_TYPES_H 1
| #define HAVE_SYS_STAT_H 1
| #define HAVE_STDLIB_H 1
| #define HAVE_STRING_H 1
| #define HAVE_MEMORY_H 1
| #define HAVE_STRINGS_H 1
| #define HAVE_INTTYPES_H 1
| #define HAVE_STDINT_H 1
| #define HAVE_UNISTD_H 1
| #define LT_OBJDIR ".libs/"
| #define HAVE_BUILTIN_EXPECT 1
| #define USE_FIELD_10X26 1
| #define USE_NUM_NONE 1
| #define USE_FIELD_INV_BUILTIN 1
| #define USE_SCALAR_INV_BUILTIN 1
| #define USE_SCALAR_8X32 1
| /* end confdefs.h.  */
| #include <sys/types.h>
| 		#include <sys/param.h>
| 
| int
| main ()
| {
| #if BYTE_ORDER != BIG_ENDIAN
| 		 not big endian
| 		#endif
| 
|   ;
|   return 0;
| }
configure:12867: result: no
configure:12886: Using assembly optimizations: no
configure:12888: Using field implementation: 32bit
configure:12890: Using bignum implementation: no
configure:12892: Using scalar implementation: 32bit
configure:12894: Using endomorphism optimizations: no
configure:13065: creating ./config.status

## ---------------- ##
## Cache variables. ##
## ---------------- ##

ac_cv_build=i686-pc-mingw32
ac_cv_c_bigendian=no
ac_cv_c_compiler_gnu=yes
ac_cv_env_CC_set=
ac_cv_env_CC_value=
ac_cv_env_CFLAGS_set=
ac_cv_env_CFLAGS_value=
ac_cv_env_CPPFLAGS_set=set
ac_cv_env_CPPFLAGS_value='-I/F/Coin/BaseLibs/db-4.8.30.NC/build_unix -I/F/Coin/BaseLibs/boost_1_58_0 -I/F/Coin/BaseLibs/openssl-1.0.2c/include -I/F/Coin/BaseLibs -I/F/Coin/BaseLibs/protobuf-2.6.1/src -I/F/Coin/BaseLibs/libpng-1.6.16 -I/F/Coin/BaseLibs/qrencode-3.4.4 -I/F/Coin/BaseLibs/gmp-6.0.0 '
ac_cv_env_CPP_set=
ac_cv_env_CPP_value=
ac_cv_env_CRYPTO_CFLAGS_set=
ac_cv_env_CRYPTO_CFLAGS_value=
ac_cv_env_CRYPTO_LIBS_set=
ac_cv_env_CRYPTO_LIBS_value=
ac_cv_env_LDFLAGS_set=set
ac_cv_env_LDFLAGS_value='-L/F/Coin/BaseLibs/db-4.8.30.NC/build_unix -L/F/Coin/BaseLibs/boost_1_58_0/stage/lib -L/F/Coin/BaseLibs/openssl-1.0.2c -L/F/Coin/BaseLibs/miniupnpc-1.9 -L/F/Coin/BaseLibs/protobuf-2.6.1/src/.libs -L/F/Coin/BaseLibs/libpng-1.6.16/.libs -L/F/Coin/BaseLibs/qrencode-3.4.4/.libs -L/F/Coin/BaseLibs/gmp-6.0.0/.libs'
ac_cv_env_LIBS_set=
ac_cv_env_LIBS_value=
ac_cv_env_PKG_CONFIG_LIBDIR_set=
ac_cv_env_PKG_CONFIG_LIBDIR_value=
ac_cv_env_PKG_CONFIG_PATH_set=
ac_cv_env_PKG_CONFIG_PATH_value=
ac_cv_env_PKG_CONFIG_set=
ac_cv_env_PKG_CONFIG_value=
ac_cv_env_build_alias_set=
ac_cv_env_build_alias_value=
ac_cv_env_host_alias_set=
ac_cv_env_host_alias_value=
ac_cv_env_target_alias_set=
ac_cv_env_target_alias_value=
ac_cv_exeext=.exe
ac_cv_header_dlfcn_h=no
ac_cv_header_inttypes_h=yes
ac_cv_header_memory_h=yes
ac_cv_header_stdc=yes
ac_cv_header_stdint_h=yes
ac_cv_header_stdlib_h=yes
ac_cv_header_string_h=yes
ac_cv_header_strings_h=yes
ac_cv_header_sys_stat_h=yes
ac_cv_header_sys_types_h=yes
ac_cv_header_unistd_h=yes
ac_cv_host=i686-pc-mingw32
ac_cv_objext=o
ac_cv_path_EGREP='/bin/grep -E'
ac_cv_path_FGREP='/bin/grep -F'
ac_cv_path_GREP=/bin/grep
ac_cv_path_SED=/bin/sed
ac_cv_path_ac_pt_AR=/f/Coin/mingw32/bin/ar
ac_cv_path_ac_pt_PKG_CONFIG=/bin/pkg-config
ac_cv_path_ac_pt_RANLIB=/f/Coin/mingw32/bin/ranlib
ac_cv_path_ac_pt_STRIP=/f/Coin/mingw32/bin/strip
ac_cv_path_install='/bin/install -c'
ac_cv_path_mkdir=/bin/mkdir
ac_cv_prog_AWK=gawk
ac_cv_prog_CPP='gcc -E'
ac_cv_prog_ac_ct_AR=ar
ac_cv_prog_ac_ct_CC=gcc
ac_cv_prog_ac_ct_DLLTOOL=dlltool
ac_cv_prog_ac_ct_OBJDUMP=objdump
ac_cv_prog_ac_ct_RANLIB=ranlib
ac_cv_prog_ac_ct_STRIP=strip
ac_cv_prog_cc_c89=
ac_cv_prog_cc_g=yes
ac_cv_prog_make_make_set=yes
ac_cv_type___int128=no
am_cv_CC_dependencies_compiler_type=gcc3
lt_cv_ar_at_file=@
lt_cv_deplibs_check_method='file_magic ^x86 archive import|^x86 DLL'
lt_cv_file_magic_cmd=func_win32_libid
lt_cv_file_magic_test_file=
lt_cv_ld_reload_flag=-r
lt_cv_nm_interface='BSD nm'
lt_cv_objdir=.libs
lt_cv_path_LD=f:/Coin/mingw32/i686-w64-mingw32/bin/ld.exe
lt_cv_path_NM=/f/Coin/mingw32/bin/nm
lt_cv_path_mainfest_tool=no
lt_cv_prog_compiler_c_o=yes
lt_cv_prog_compiler_pic='-DDLL_EXPORT -DPIC'
lt_cv_prog_compiler_pic_works=yes
lt_cv_prog_compiler_rtti_exceptions=no
lt_cv_prog_compiler_static_works=yes
lt_cv_prog_gnu_ld=yes
lt_cv_sharedlib_from_linklib_cmd=func_cygming_dll_for_implib
lt_cv_sys_global_symbol_pipe='sed -n -e '\''s/^.*[	 ]\([ABCDGIRSTW][ABCDGIRSTW]*\)[	 ][	 ]*_\([_A-Za-z][_A-Za-z0-9]*\)\{0,1\}$/\1 _\2 \2/p'\'' | sed '\''/ __gnu_lto/d'\'''
lt_cv_sys_global_symbol_to_c_name_address='sed -n -e '\''s/^: \([^ ]*\)[ ]*$/  {\"\1\", (void *) 0},/p'\'' -e '\''s/^[ABCDGIRSTW]* \([^ ]*\) \([^ ]*\)$/  {"\2", (void *) \&\2},/p'\'''
lt_cv_sys_global_symbol_to_c_name_address_lib_prefix='sed -n -e '\''s/^: \([^ ]*\)[ ]*$/  {\"\1\", (void *) 0},/p'\'' -e '\''s/^[ABCDGIRSTW]* \([^ ]*\) \(lib[^ ]*\)$/  {"\2", (void *) \&\2},/p'\'' -e '\''s/^[ABCDGIRSTW]* \([^ ]*\) \([^ ]*\)$/  {"lib\2", (void *) \&\2},/p'\'''
lt_cv_sys_global_symbol_to_cdecl='sed -n -e '\''s/^T .* \(.*\)$/extern int \1();/p'\'' -e '\''s/^[ABCDGIRSTW]* .* \(.*\)$/extern char \1;/p'\'''
lt_cv_sys_max_cmd_len=8192
lt_cv_to_host_file_cmd=func_convert_file_msys_to_w32
lt_cv_to_tool_file_cmd=func_convert_file_msys_to_w32

## ----------------- ##
## Output variables. ##
## ----------------- ##

ACLOCAL='${SHELL} /f/coin/ftc/ftc0.11.1/src/secp256k1/build-aux/missing --run aclocal-1.11'
AMDEPBACKSLASH='\'
AMDEP_FALSE='#'
AMDEP_TRUE=''
AMTAR='${SHELL} /f/coin/ftc/ftc0.11.1/src/secp256k1/build-aux/missing --run tar'
AM_BACKSLASH='\'
AM_DEFAULT_VERBOSITY='0'
AR='/f/Coin/mingw32/bin/ar'
AUTOCONF='${SHELL} /f/coin/ftc/ftc0.11.1/src/secp256k1/build-aux/missing --run autoconf'
AUTOHEADER='${SHELL} /f/coin/ftc/ftc0.11.1/src/secp256k1/build-aux/missing --run autoheader'
AUTOMAKE='${SHELL} /f/coin/ftc/ftc0.11.1/src/secp256k1/build-aux/missing --run automake-1.11'
AWK='gawk'
BREW=''
CC='gcc'
CCDEPMODE='depmode=gcc3'
CFLAGS='-g -O2 -W -std=c89 -pedantic -Wall -Wextra -Wcast-align -Wnested-externs -Wshadow -Wstrict-prototypes -Wno-unused-function -Wno-long-long -Wno-overlength-strings'
CPP='gcc -E'
CPPFLAGS='-I/F/Coin/BaseLibs/db-4.8.30.NC/build_unix -I/F/Coin/BaseLibs/boost_1_58_0 -I/F/Coin/BaseLibs/openssl-1.0.2c/include -I/F/Coin/BaseLibs -I/F/Coin/BaseLibs/protobuf-2.6.1/src -I/F/Coin/BaseLibs/libpng-1.6.16 -I/F/Coin/BaseLibs/qrencode-3.4.4 -I/F/Coin/BaseLibs/gmp-6.0.0 '
CRYPTO_CFLAGS=''
CRYPTO_LIBS=''
CYGPATH_W='echo'
DEFS='-DHAVE_CONFIG_H'
DEPDIR='.deps'
DLLTOOL='dlltool'
DSYMUTIL=''
DUMPBIN=''
ECHO_C=''
ECHO_N='-n'
ECHO_T=''
EGREP='/bin/grep -E'
EXEEXT='.exe'
FGREP='/bin/grep -F'
GREP='/bin/grep'
INSTALL_DATA='${INSTALL} -m 644'
INSTALL_PROGRAM='${INSTALL}'
INSTALL_SCRIPT='${INSTALL}'
INSTALL_STRIP_PROGRAM='$(install_sh) -c -s'
LD='f:/Coin/mingw32/i686-w64-mingw32/bin/ld.exe'
LDFLAGS='-L/F/Coin/BaseLibs/db-4.8.30.NC/build_unix -L/F/Coin/BaseLibs/boost_1_58_0/stage/lib -L/F/Coin/BaseLibs/openssl-1.0.2c -L/F/Coin/BaseLibs/miniupnpc-1.9 -L/F/Coin/BaseLibs/protobuf-2.6.1/src/.libs -L/F/Coin/BaseLibs/libpng-1.6.16/.libs -L/F/Coin/BaseLibs/qrencode-3.4.4/.libs -L/F/Coin/BaseLibs/gmp-6.0.0/.libs'
LIBOBJS=''
LIBS=''
LIBTOOL='$(SHELL) $(top_builddir)/libtool'
LIPO=''
LN_S='cp -p'
LTLIBOBJS=''
MAKEINFO='${SHELL} /f/coin/ftc/ftc0.11.1/src/secp256k1/build-aux/missing --run makeinfo'
MANIFEST_TOOL=':'
MKDIR_P='/bin/mkdir -p'
NM='/f/Coin/mingw32/bin/nm'
NMEDIT=''
OBJDUMP='objdump'
OBJEXT='o'
OTOOL64=''
OTOOL=''
PACKAGE='libsecp256k1'
PACKAGE_BUGREPORT=''
PACKAGE_NAME='libsecp256k1'
PACKAGE_STRING='libsecp256k1 0.1'
PACKAGE_TARNAME='libsecp256k1'
PACKAGE_URL=''
PACKAGE_VERSION='0.1'
PATH_SEPARATOR=':'
PKG_CONFIG='/bin/pkg-config'
PKG_CONFIG_LIBDIR=''
PKG_CONFIG_PATH=''
PORT=''
RANLIB='/f/Coin/mingw32/bin/ranlib'
SECP_INCLUDES=''
SECP_LIBS=''
SECP_TEST_INCLUDES=''
SECP_TEST_LIBS=''
SED='/bin/sed'
SET_MAKE=''
SHELL='/bin/sh'
STRIP='/f/Coin/mingw32/bin/strip'
USE_BENCHMARK_FALSE=''
USE_BENCHMARK_TRUE='#'
USE_TESTS_FALSE=''
USE_TESTS_TRUE='#'
VERSION='0.1'
ac_ct_AR='ar'
ac_ct_CC='gcc'
ac_ct_DUMPBIN=''
am__EXEEXT_FALSE='#'
am__EXEEXT_TRUE=''
am__fastdepCC_FALSE='#'
am__fastdepCC_TRUE=''
am__include='include'
am__isrc=''
am__leading_dot='.'
am__quote=''
am__tar='${AMTAR} chof - "$$tardir"'
am__untar='${AMTAR} xf -'
bindir='${exec_prefix}/bin'
build='i686-pc-mingw32'
build_alias=''
build_cpu='i686'
build_os='mingw32'
build_vendor='pc'
datadir='${datarootdir}'
datarootdir='${prefix}/share'
docdir='${datarootdir}/doc/${PACKAGE_TARNAME}'
dvidir='${docdir}'
exec_prefix='${prefix}'
host='i686-pc-mingw32'
host_alias=''
host_cpu='i686'
host_os='mingw32'
host_vendor='pc'
htmldir='${docdir}'
includedir='${prefix}/include'
infodir='${datarootdir}/info'
install_sh='${SHELL} /f/coin/ftc/ftc0.11.1/src/secp256k1/build-aux/install-sh'
libdir='${exec_prefix}/lib'
libexecdir='${exec_prefix}/libexec'
localedir='${datarootdir}/locale'
localstatedir='${prefix}/var'
mandir='${datarootdir}/man'
mkdir_p='/bin/mkdir -p'
oldincludedir='/usr/include'
pdfdir='${docdir}'
prefix='/usr/local'
program_transform_name='s,x,x,'
psdir='${docdir}'
sbindir='${exec_prefix}/sbin'
sharedstatedir='${prefix}/com'
sysconfdir='${prefix}/etc'
target_alias=''

## ----------- ##
## confdefs.h. ##
## ----------- ##

/* confdefs.h */
#define PACKAGE_NAME "libsecp256k1"
#define PACKAGE_TARNAME "libsecp256k1"
#define PACKAGE_VERSION "0.1"
#define PACKAGE_STRING "libsecp256k1 0.1"
#define PACKAGE_BUGREPORT ""
#define PACKAGE_URL ""
#define PACKAGE "libsecp256k1"
#define VERSION "0.1"
#define STDC_HEADERS 1
#define HAVE_SYS_TYPES_H 1
#define HAVE_SYS_STAT_H 1
#define HAVE_STDLIB_H 1
#define HAVE_STRING_H 1
#define HAVE_MEMORY_H 1
#define HAVE_STRINGS_H 1
#define HAVE_INTTYPES_H 1
#define HAVE_STDINT_H 1
#define HAVE_UNISTD_H 1
#define LT_OBJDIR ".libs/"
#define HAVE_BUILTIN_EXPECT 1
#define USE_FIELD_10X26 1
#define USE_NUM_NONE 1
#define USE_FIELD_INV_BUILTIN 1
#define USE_SCALAR_INV_BUILTIN 1
#define USE_SCALAR_8X32 1

configure: exit 0

## ---------------------- ##
## Running config.status. ##
## ---------------------- ##

This file was extended by libsecp256k1 config.status 0.1, which was
generated by GNU Autoconf 2.68.  Invocation command line was

  CONFIG_FILES    = 
  CONFIG_HEADERS  = 
  CONFIG_LINKS    = 
  CONFIG_COMMANDS = 
  $ ./config.status 

on rd

config.status:1127: creating Makefile
config.status:1127: creating libsecp256k1.pc
config.status:1127: creating src/libsecp256k1-config.h
config.status:1308: src/libsecp256k1-config.h is unchanged
config.status:1356: executing depfiles commands
config.status:1356: executing libtool commands
